<testsuites id="" name="" tests="72" failures="63" skipped="0" errors="0" time="210143.132703">
<testsuite name="mobile-accessibility.spec.js" timestamp="2025-08-19T12:50:43.521Z" hostname="A11y-iPhone-15-Pro-VoiceOver" tests="9" failures="6" skipped="0" time="139.536" errors="0">
<testcase name="Mobile Accessibility Tests @accessibility @a11y › WCAG compliance scan - Homepage" classname="mobile-accessibility.spec.js" time="9.062">
<failure message="mobile-accessibility.spec.js:16:3 WCAG compliance scan - Homepage" type="FAILURE">
<![CDATA[  [A11y-iPhone-15-Pro-VoiceOver] › mobile-accessibility.spec.js:16:3 › Mobile Accessibility Tests @accessibility @a11y › WCAG compliance scan - Homepage 

    AssertionError: 6 accessibility violations were detected

    6 !== 0

        at testResultDependsOnViolations (C:\Users\johnm\smartpetbuys\testing\node_modules\axe-playwright\dist\utils.js:16:26)
        at C:\Users\johnm\smartpetbuys\testing\node_modules\axe-playwright\dist\index.js:143:51
        at fulfilled (C:\Users\johnm\smartpetbuys\testing\node_modules\axe-playwright\dist\index.js:28:58)

    attachment #1: screenshot (image/png) ──────────────────────────────────────────────────────────
    ..\..\test-results\mobile-accessibility-Mobil-c34e8--compliance-scan---Homepage-A11y-iPhone-15-Pro-VoiceOver\test-failed-1.png
    ────────────────────────────────────────────────────────────────────────────────────────────────

    attachment #2: video (video/webm) ──────────────────────────────────────────────────────────────
    ..\..\test-results\mobile-accessibility-Mobil-c34e8--compliance-scan---Homepage-A11y-iPhone-15-Pro-VoiceOver\video.webm
    ────────────────────────────────────────────────────────────────────────────────────────────────

    Error Context: ..\..\test-results\mobile-accessibility-Mobil-c34e8--compliance-scan---Homepage-A11y-iPhone-15-Pro-VoiceOver\error-context.md

    Retry #1 ───────────────────────────────────────────────────────────────────────────────────────

    AssertionError: 6 accessibility violations were detected

    6 !== 0

        at testResultDependsOnViolations (C:\Users\johnm\smartpetbuys\testing\node_modules\axe-playwright\dist\utils.js:16:26)
        at C:\Users\johnm\smartpetbuys\testing\node_modules\axe-playwright\dist\index.js:143:51
        at fulfilled (C:\Users\johnm\smartpetbuys\testing\node_modules\axe-playwright\dist\index.js:28:58)

    attachment #1: screenshot (image/png) ──────────────────────────────────────────────────────────
    ..\..\test-results\mobile-accessibility-Mobil-c34e8--compliance-scan---Homepage-A11y-iPhone-15-Pro-VoiceOver-retry1\test-failed-1.png
    ────────────────────────────────────────────────────────────────────────────────────────────────

    attachment #2: video (video/webm) ──────────────────────────────────────────────────────────────
    ..\..\test-results\mobile-accessibility-Mobil-c34e8--compliance-scan---Homepage-A11y-iPhone-15-Pro-VoiceOver-retry1\video.webm
    ────────────────────────────────────────────────────────────────────────────────────────────────

    Error Context: ..\..\test-results\mobile-accessibility-Mobil-c34e8--compliance-scan---Homepage-A11y-iPhone-15-Pro-VoiceOver-retry1\error-context.md

    attachment #4: trace (application/zip) ─────────────────────────────────────────────────────────
    ..\..\test-results\mobile-accessibility-Mobil-c34e8--compliance-scan---Homepage-A11y-iPhone-15-Pro-VoiceOver-retry1\trace.zip
    Usage:

        npx playwright show-trace ..\..\test-results\mobile-accessibility-Mobil-c34e8--compliance-scan---Homepage-A11y-iPhone-15-Pro-VoiceOver-retry1\trace.zip

    ────────────────────────────────────────────────────────────────────────────────────────────────
]]>
</failure>
<system-out>
<![CDATA[┌─────────┬────────────────────────────────┬────────────┬──────────────────────────────────────────────────────────────────────────────────────────────────────────────────┬───────┐
│ (index) │ id                             │ impact     │ description                                                                                                      │ nodes │
├─────────┼────────────────────────────────┼────────────┼──────────────────────────────────────────────────────────────────────────────────────────────────────────────────┼───────┤
│ 0       │ [32m'color-contrast'[39m               │ [32m'serious'[39m  │ [32m'Ensure the contrast between foreground and background colors meets WCAG 2 AA minimum contrast ratio thresholds'[39m │ [33m27[39m    │
│ 1       │ [32m'heading-order'[39m                │ [32m'moderate'[39m │ [32m'Ensure the order of headings is semantically correct'[39m                                                           │ [33m1[39m     │
│ 2       │ [32m'landmark-banner-is-top-level'[39m │ [32m'moderate'[39m │ [32m'Ensure the banner landmark is at top level'[39m                                                                     │ [33m1[39m     │
│ 3       │ [32m'landmark-no-duplicate-banner'[39m │ [32m'moderate'[39m │ [32m'Ensure the document has at most one banner landmark'[39m                                                            │ [33m1[39m     │
│ 4       │ [32m'landmark-unique'[39m              │ [32m'moderate'[39m │ [32m'Ensure landmarks are unique'[39m                                                                                    │ [33m1[39m     │
│ 5       │ [32m'region'[39m                       │ [32m'moderate'[39m │ [32m'Ensure all page content is contained by landmarks'[39m                                                              │ [33m4[39m     │
└─────────┴────────────────────────────────┴────────────┴──────────────────────────────────────────────────────────────────────────────────────────────────────────────────┴───────┘
┌─────────┬────────────────────────────────────────────────────────────────────────────────────────────────────┬─────────────────────────────────────────────────────────────────────────────────────────────────────────────────────────────────────────────────────────────────────────────────────────────────────────────────────────────────────────────────────────────────────────────────────────────┬────────────┐
│ (index) │ target                                                                                             │ html                                                                                                                                                                                                                                                                                        │ violations │
├─────────┼────────────────────────────────────────────────────────────────────────────────────────────────────┼─────────────────────────────────────────────────────────────────────────────────────────────────────────────────────────────────────────────────────────────────────────────────────────────────────────────────────────────────────────────────────────────────────────────────────────────┼────────────┤
│ 0       │ [32m'["a[href$=\\"#navigation\\"]"]'[39m                                                                   │ [32m'<a href="#navigation" class="skip-link">Skip to navigation</a>'[39m                                                                                                                                                                                                                            │ [32m'[0]'[39m      │
│ 1       │ [32m'[".affiliate-disclosure__link"]'[39m                                                                  │ [32m'<a href="/disclosure/" class="affiliate-disclosure__link">Learn more</a>'[39m                                                                                                                                                                                                                  │ [32m'[0]'[39m      │
│ 2       │ [32m'[".active > h3"]'[39m                                                                                 │ [32m'<h3>All Products</h3>'[39m                                                                                                                                                                                                                                                                     │ [32m'[0]'[39m      │
│ 3       │ [32m'[".active > p"]'[39m                                                                                  │ [32m'<p>View all reviews &amp; guides</p>'[39m                                                                                                                                                                                                                                                      │ [32m'[0]'[39m      │
│ 4       │ [32m'["article[data-category=\\"all\\"]:nth-child(1) > .post-card-content > p:nth-child(4)"]'[39m          │ [32m'<p>This page tests all mobile form usability enhancements implemented in Task 8.</p>'[39m                                                                                                                                                                                                      │ [32m'[0]'[39m      │
│ 5       │ [32m'["article[data-category=\\"all\\"]:nth-child(1) > .post-card-content > p:nth-child(7)"]'[39m          │ [32m'<p>Use the search functionality to test:</p>'[39m                                                                                                                                                                                                                                              │ [32m'[0]'[39m      │
│ 6       │ [32m'["p:nth-child(10)"]'[39m                                                                              │ [32m'<p>The sticky bar should appear after scrolling or time delay:</p>'[39m                                                                                                                                                                                                                        │ [32m'[0]'[39m      │
│ 7       │ [32m'[".signup-content > p:nth-child(2)"]'[39m                                                             │ [32m'<p>Get our <strong>FREE Ultimate Pet Buying Guide</strong> plus weekly product recommendations sent to your inbox!</p>'[39m                                                                                                                                                                    │ [32m'[0]'[39m      │
│ 8       │ [32m'["p:nth-child(2) > strong"]'[39m                                                                      │ [32m'<strong>FREE Ultimate Pet Buying Guide</strong>'[39m                                                                                                                                                                                                                                           │ [32m'[0]'[39m      │
│ 9       │ [32m'["article[data-category=\\"dog\\"]:nth-child(2) > .post-card-content > p:nth-child(3)"]'[39m          │ [32m'<p>'[39m                                                                                                                                                                                                                                                                                       │ [32m'[0]'[39m      │
│ 10      │ [32m'["article[data-category=\\"dog\\"]:nth-child(3) > .post-card-content > p:nth-child(3)"]'[39m          │ [32m'<p>'[39m                                                                                                                                                                                                                                                                                       │ [32m'[0]'[39m      │
│ 11      │ [32m'["article[data-category=\\"all\\"]:nth-child(4) > .post-card-content > p:nth-child(3)"]'[39m          │ [32m'<p>'[39m                                                                                                                                                                                                                                                                                       │ [32m'[0]'[39m      │
│ 12      │ [32m'["article[data-category=\\"health\\"] > .post-card-content > p:nth-child(3)"]'[39m                    │ [32m'<p>'[39m                                                                                                                                                                                                                                                                                       │ [32m'[0]'[39m      │
│ 13      │ [32m'["article[data-category=\\"health\\"] > .post-card-content > p:nth-child(5)"]'[39m                    │ [32m'<p>'[39m                                                                                                                                                                                                                                                                                       │ [32m'[0]'[39m      │
│ 14      │ [32m'["article[data-category=\\"dog\\"]:nth-child(6) > .post-card-content > p:nth-child(3)"]'[39m          │ [32m'<p>'[39m                                                                                                                                                                                                                                                                                       │ [32m'[0]'[39m      │
│ 15      │ [32m'["article[data-category=\\"all\\"]:nth-child(7) > .post-card-content > p:nth-child(3)"]'[39m          │ [32m'<p>'[39m                                                                                                                                                                                                                                                                                       │ [32m'[0]'[39m      │
│ 16      │ [32m'["p:nth-child(5) > strong"]'[39m                                                                      │ [32m'<strong>What Are Fleas and Ticks?</strong>'[39m                                                                                                                                                                                                                                                │ [32m'[0]'[39m      │
│ 17      │ [32m'["article[data-category=\\"all\\"]:nth-child(7) > .post-card-content > p:nth-child(6)"]'[39m          │ [32m'<p>Fleas are small, wingless insects that live by consuming the blood of their hosts. Ticks are arachnids akin to spiders and also survive on the blood they drain from their hosts.</p>'[39m                                                                                                  │ [32m'[0]'[39m      │
│ 18      │ [32m'["article[data-category=\\"cat\\"] > .post-card-content > p:nth-child(3)"]'[39m                       │ [32m'<p>'[39m                                                                                                                                                                                                                                                                                       │ [32m'[0]'[39m      │
│ 19      │ [32m'["article[data-category=\\"cat\\"] > .post-card-content > p:nth-child(3) > strong"]'[39m              │ [32m'<strong>best cat litter clumping</strong>'[39m                                                                                                                                                                                                                                                 │ [32m'[0]'[39m      │
│ 20      │ [32m'["article[data-category=\\"cat\\"] > .post-card-content > p:nth-child(6)"]'[39m                       │ [32m'<p>Clumping cat litter should be highly absorbent and be able to control odors effectively. This will not only keep your home smelling fresh but also make the litter box more appealing to your cat.</p>'[39m                                                                                 │ [32m'[0]'[39m      │
│ 21      │ [32m'["article[data-category=\\"dog\\"]:nth-child(9) > .post-card-content > p:nth-child(3)"]'[39m          │ [32m'<p>'[39m                                                                                                                                                                                                                                                                                       │ [32m'[0]'[39m      │
│ 22      │ [32m'["article[data-category=\\"dog\\"]:nth-child(9) > .post-card-content > p:nth-child(3) > strong"]'[39m │ [32m'<strong>dog harness and a collar</strong>'[39m                                                                                                                                                                                                                                                 │ [32m'[0]'[39m      │
│ 23      │ [32m'["article[data-category=\\"dog\\"]:nth-child(9) > .post-card-content > p:nth-child(5)"]'[39m          │ [32m'<p>A dog harness is worn around a dog’s body, typically fastening around the neck and under the belly, which distributes pressure more broadly than a traditional collar.</p>'[39m                                                                                                             │ [32m'[0]'[39m      │
│ 24      │ [32m'["article[data-category=\\"dog\\"]:nth-child(10) > .post-card-content > p:nth-child(3)"]'[39m         │ [32m'<p>'[39m                                                                                                                                                                                                                                                                                       │ [32m'[0]'[39m      │
│ 25      │ [32m'["article[data-category=\\"dog\\"]:nth-child(10) > .post-card-content > p:nth-child(5)"]'[39m         │ [32m'<p>KONG has been a leading name in the world of pet toys for over four decades. Their toys are designed with a dog’s need for play while doubling as instruments for feeding and behavior training. Here, we explore the benefits of incorporating KONG toys into your pet’s routine.</p>'[39m │ [32m'[0]'[39m      │
│ 26      │ [32m'["em"]'[39m                                                                                           │ [32m'<em>Use the sticky bar form for instant signup!</em>'[39m                                                                                                                                                                                                                                      │ [32m'[0]'[39m      │
│ 27      │ [32m'[".footer-section:nth-child(1) > h4"]'[39m                                                            │ [32m'<h4>SmartPetBuys</h4>'[39m                                                                                                                                                                                                                                                                     │ [32m'[1]'[39m      │
│ 28      │ [32m'["section"]'[39m                                                                                      │ [32m'<section class="hero-section" role="banner" aria-label="Website introduction">'[39m                                                                                                                                                                                                            │ [32m'[2]'[39m      │
│ 29      │ [32m'["header"]'[39m                                                                                       │ [32m'<header class="header is-visible" role="banner">'[39m                                                                                                                                                                                                                                          │ [32m'[3]'[39m      │
│ 30      │ [32m'[".pagination"]'[39m                                                                                  │ [32m'<nav class="pagination">\n  <a href="/page/2/" class="btn">Next →</a>\n</nav>'[39m                                                                                                                                                                                                             │ [32m'[4]'[39m      │
│ 31      │ [32m'["a[href$=\\"#main-content\\"]"]'[39m                                                                 │ [32m'<a href="#main-content" class="skip-link">Skip to main content</a>'[39m                                                                                                                                                                                                                        │ [32m'[5]'[39m      │
│ 32      │ [32m'[".sticky-bar-content"]'[39m                                                                          │ [32m'<div class="sticky-bar-content">\n      <div class="sticky-bar-text">\n        <span class="sticky-bar-emoji">🐾</span>\n        <strong>Get Our FREE Pet Guide!</strong>\n      </div>\n    </div>'[39m                                                                                       │ [32m'[5]'[39m      │
│ 33      │ [32m'[".ml-form-embedContent"]'[39m                                                                        │ [32m'<div class="ml-form-embedContent" style=" ">\n              \n                <h4>Get More Pet Product Tips!</h4>\n                <p>Join thousands of smart pet parents getting our FREE buying guides and weekly product<br>  recommendations</p>\n              \n            </div>'[39m  │ [32m'[5]'[39m      │
│ 34      │ [32m'[".ml-input-horizontal"]'[39m                                                                         │ [32m'<div class="ml-input-horizontal">'[39m                                                                                                                                                                                                                                                         │ [32m'[5]'[39m      │
└─────────┴────────────────────────────────────────────────────────────────────────────────────────────────────┴─────────────────────────────────────────────────────────────────────────────────────────────────────────────────────────────────────────────────────────────────────────────────────────────────────────────────────────────────────────────────────────────────────────────────────────────┴────────────┘
┌─────────┬────────────────────────────────┬────────────┬──────────────────────────────────────────────────────────────────────────────────────────────────────────────────┬───────┐
│ (index) │ id                             │ impact     │ description                                                                                                      │ nodes │
├─────────┼────────────────────────────────┼────────────┼──────────────────────────────────────────────────────────────────────────────────────────────────────────────────┼───────┤
│ 0       │ [32m'color-contrast'[39m               │ [32m'serious'[39m  │ [32m'Ensure the contrast between foreground and background colors meets WCAG 2 AA minimum contrast ratio thresholds'[39m │ [33m89[39m    │
│ 1       │ [32m'heading-order'[39m                │ [32m'moderate'[39m │ [32m'Ensure the order of headings is semantically correct'[39m                                                           │ [33m1[39m     │
│ 2       │ [32m'landmark-banner-is-top-level'[39m │ [32m'moderate'[39m │ [32m'Ensure the banner landmark is at top level'[39m                                                                     │ [33m1[39m     │
│ 3       │ [32m'landmark-no-duplicate-banner'[39m │ [32m'moderate'[39m │ [32m'Ensure the document has at most one banner landmark'[39m                                                            │ [33m1[39m     │
│ 4       │ [32m'landmark-unique'[39m              │ [32m'moderate'[39m │ [32m'Ensure landmarks are unique'[39m                                                                                    │ [33m1[39m     │
│ 5       │ [32m'region'[39m                       │ [32m'moderate'[39m │ [32m'Ensure all page content is contained by landmarks'[39m                                                              │ [33m35[39m    │
└─────────┴────────────────────────────────┴────────────┴──────────────────────────────────────────────────────────────────────────────────────────────────────────────────┴───────┘
┌─────────┬────────────────────────────────────────────────────────────────────────────────────────────────────┬─────────────────────────────────────────────────────────────────────────────────────────────────────────────────────────────────────────────────────────────────────────────────────────────────────────────────────────────────────────────────────────────────────────────────────────────┬────────────┐
│ (index) │ target                                                                                             │ html                                                                                                                                                                                                                                                                                        │ violations │
├─────────┼────────────────────────────────────────────────────────────────────────────────────────────────────┼─────────────────────────────────────────────────────────────────────────────────────────────────────────────────────────────────────────────────────────────────────────────────────────────────────────────────────────────────────────────────────────────────────────────────────────────┼────────────┤
│ 0       │ [32m'["a[href$=\\"#navigation\\"]"]'[39m                                                                   │ [32m'<a href="#navigation" class="skip-link">Skip to navigation</a>'[39m                                                                                                                                                                                                                            │ [32m'[0]'[39m      │
│ 1       │ [32m'[".affiliate-disclosure__link"]'[39m                                                                  │ [32m'<a href="/disclosure/" class="affiliate-disclosure__link">Learn more</a>'[39m                                                                                                                                                                                                                  │ [32m'[0]'[39m      │
│ 2       │ [32m'[".active > h3"]'[39m                                                                                 │ [32m'<h3>All Products</h3>'[39m                                                                                                                                                                                                                                                                     │ [32m'[0]'[39m      │
│ 3       │ [32m'[".active > p"]'[39m                                                                                  │ [32m'<p>View all reviews &amp; guides</p>'[39m                                                                                                                                                                                                                                                      │ [32m'[0]'[39m      │
│ 4       │ [32m'["article[data-category=\\"all\\"]:nth-child(1) > .post-card-content > p:nth-child(4)"]'[39m          │ [32m'<p>This page tests all mobile form usability enhancements implemented in Task 8.</p>'[39m                                                                                                                                                                                                      │ [32m'[0]'[39m      │
│ 5       │ [32m'["article[data-category=\\"all\\"]:nth-child(1) > .post-card-content > p:nth-child(7)"]'[39m          │ [32m'<p>Use the search functionality to test:</p>'[39m                                                                                                                                                                                                                                              │ [32m'[0]'[39m      │
│ 6       │ [32m'["p:nth-child(10)"]'[39m                                                                              │ [32m'<p>The sticky bar should appear after scrolling or time delay:</p>'[39m                                                                                                                                                                                                                        │ [32m'[0]'[39m      │
│ 7       │ [32m'[".signup-content > p:nth-child(2)"]'[39m                                                             │ [32m'<p>Get our <strong>FREE Ultimate Pet Buying Guide</strong> plus weekly product recommendations sent to your inbox!</p>'[39m                                                                                                                                                                    │ [32m'[0]'[39m      │
│ 8       │ [32m'["p:nth-child(2) > strong"]'[39m                                                                      │ [32m'<strong>FREE Ultimate Pet Buying Guide</strong>'[39m                                                                                                                                                                                                                                           │ [32m'[0]'[39m      │
│ 9       │ [32m'["article[data-category=\\"dog\\"]:nth-child(2) > .post-card-content > p:nth-child(3)"]'[39m          │ [32m'<p>'[39m                                                                                                                                                                                                                                                                                       │ [32m'[0]'[39m      │
│ 10      │ [32m'["article[data-category=\\"dog\\"]:nth-child(3) > .post-card-content > p:nth-child(3)"]'[39m          │ [32m'<p>'[39m                                                                                                                                                                                                                                                                                       │ [32m'[0]'[39m      │
│ 11      │ [32m'["article[data-category=\\"all\\"]:nth-child(4) > .post-card-content > p:nth-child(3)"]'[39m          │ [32m'<p>'[39m                                                                                                                                                                                                                                                                                       │ [32m'[0]'[39m      │
│ 12      │ [32m'["article[data-category=\\"health\\"] > .post-card-content > p:nth-child(3)"]'[39m                    │ [32m'<p>'[39m                                                                                                                                                                                                                                                                                       │ [32m'[0]'[39m      │
│ 13      │ [32m'["article[data-category=\\"health\\"] > .post-card-content > p:nth-child(5)"]'[39m                    │ [32m'<p>'[39m                                                                                                                                                                                                                                                                                       │ [32m'[0]'[39m      │
│ 14      │ [32m'["article[data-category=\\"dog\\"]:nth-child(6) > .post-card-content > p:nth-child(3)"]'[39m          │ [32m'<p>'[39m                                                                                                                                                                                                                                                                                       │ [32m'[0]'[39m      │
│ 15      │ [32m'["article[data-category=\\"all\\"]:nth-child(7) > .post-card-content > p:nth-child(3)"]'[39m          │ [32m'<p>'[39m                                                                                                                                                                                                                                                                                       │ [32m'[0]'[39m      │
│ 16      │ [32m'["p:nth-child(5) > strong"]'[39m                                                                      │ [32m'<strong>What Are Fleas and Ticks?</strong>'[39m                                                                                                                                                                                                                                                │ [32m'[0]'[39m      │
│ 17      │ [32m'["article[data-category=\\"all\\"]:nth-child(7) > .post-card-content > p:nth-child(6)"]'[39m          │ [32m'<p>Fleas are small, wingless insects that live by consuming the blood of their hosts. Ticks are arachnids akin to spiders and also survive on the blood they drain from their hosts.</p>'[39m                                                                                                  │ [32m'[0]'[39m      │
│ 18      │ [32m'["article[data-category=\\"cat\\"] > .post-card-content > p:nth-child(3)"]'[39m                       │ [32m'<p>'[39m                                                                                                                                                                                                                                                                                       │ [32m'[0]'[39m      │
│ 19      │ [32m'["article[data-category=\\"cat\\"] > .post-card-content > p:nth-child(3) > strong"]'[39m              │ [32m'<strong>best cat litter clumping</strong>'[39m                                                                                                                                                                                                                                                 │ [32m'[0]'[39m      │
│ 20      │ [32m'["article[data-category=\\"cat\\"] > .post-card-content > p:nth-child(6)"]'[39m                       │ [32m'<p>Clumping cat litter should be highly absorbent and be able to control odors effectively. This will not only keep your home smelling fresh but also make the litter box more appealing to your cat.</p>'[39m                                                                                 │ [32m'[0]'[39m      │
│ 21      │ [32m'["article[data-category=\\"dog\\"]:nth-child(9) > .post-card-content > p:nth-child(3)"]'[39m          │ [32m'<p>'[39m                                                                                                                                                                                                                                                                                       │ [32m'[0]'[39m      │
│ 22      │ [32m'["article[data-category=\\"dog\\"]:nth-child(9) > .post-card-content > p:nth-child(3) > strong"]'[39m │ [32m'<strong>dog harness and a collar</strong>'[39m                                                                                                                                                                                                                                                 │ [32m'[0]'[39m      │
│ 23      │ [32m'["article[data-category=\\"dog\\"]:nth-child(9) > .post-card-content > p:nth-child(5)"]'[39m          │ [32m'<p>A dog harness is worn around a dog’s body, typically fastening around the neck and under the belly, which distributes pressure more broadly than a traditional collar.</p>'[39m                                                                                                             │ [32m'[0]'[39m      │
│ 24      │ [32m'["article[data-category=\\"dog\\"]:nth-child(10) > .post-card-content > p:nth-child(3)"]'[39m         │ [32m'<p>'[39m                                                                                                                                                                                                                                                                                       │ [32m'[0]'[39m      │
│ 25      │ [32m'["article[data-category=\\"dog\\"]:nth-child(10) > .post-card-content > p:nth-child(5)"]'[39m         │ [32m'<p>KONG has been a leading name in the world of pet toys for over four decades. Their toys are designed with a dog’s need for play while doubling as instruments for feeding and behavior training. Here, we explore the benefits of incorporating KONG toys into your pet’s routine.</p>'[39m │ [32m'[0]'[39m      │
│ 26      │ [32m'["em"]'[39m                                                                                           │ [32m'<em>Use the sticky bar form for instant signup!</em>'[39m                                                                                                                                                                                                                                      │ [32m'[0]'[39m      │
│ 27      │ [32m'[".performance-budget-alert:nth-child(13)"]'[39m                                                      │ [32m'<div class="performance-budget-alert" style="position: fixed; top: 20px; left: 20px; background: rgb(255, 68, 68); color: white; padding: 10px; border-radius: 4px; font-size: 12px; font-family: monospace; z-index: 10000; max-width: 300px; word-break: break-word;">'[39m                  │ [32m'[0,5]'[39m    │
│ 28      │ [32m'[".performance-budget-alert:nth-child(13) > strong"]'[39m                                             │ [32m'<strong>Performance Budget Violation</strong>'[39m                                                                                                                                                                                                                                             │ [32m'[0]'[39m      │
│ 29      │ [32m'[".performance-budget-alert:nth-child(14)"]'[39m                                                      │ [32m'<div class="performance-budget-alert" style="position: fixed; top: 20px; left: 20px; background: rgb(255, 68, 68); color: white; padding: 10px; border-radius: 4px; font-size: 12px; font-family: monospace; z-index: 10000; max-width: 300px; word-break: break-word;">'[39m                  │ [32m'[0,5]'[39m    │
│ 30      │ [32m'[".performance-budget-alert:nth-child(14) > strong"]'[39m                                             │ [32m'<strong>Performance Budget Violation</strong>'[39m                                                                                                                                                                                                                                             │ [32m'[0]'[39m      │
│ 31      │ [32m'[".performance-budget-alert:nth-child(15)"]'[39m                                                      │ [32m'<div class="performance-budget-alert" style="position: fixed; top: 20px; left: 20px; background: rgb(255, 68, 68); color: white; padding: 10px; border-radius: 4px; font-size: 12px; font-family: monospace; z-index: 10000; max-width: 300px; word-break: break-word;">'[39m                  │ [32m'[0,5]'[39m    │
│ 32      │ [32m'[".performance-budget-alert:nth-child(15) > strong"]'[39m                                             │ [32m'<strong>Performance Budget Violation</strong>'[39m                                                                                                                                                                                                                                             │ [32m'[0]'[39m      │
│ 33      │ [32m'[".performance-budget-alert:nth-child(16)"]'[39m                                                      │ [32m'<div class="performance-budget-alert" style="position: fixed; top: 20px; left: 20px; background: rgb(255, 68, 68); color: white; padding: 10px; border-radius: 4px; font-size: 12px; font-family: monospace; z-index: 10000; max-width: 300px; word-break: break-word;">'[39m                  │ [32m'[0,5]'[39m    │
│ 34      │ [32m'[".performance-budget-alert:nth-child(16) > strong"]'[39m                                             │ [32m'<strong>Performance Budget Violation</strong>'[39m                                                                                                                                                                                                                                             │ [32m'[0]'[39m      │
│ 35      │ [32m'[".performance-budget-alert:nth-child(17)"]'[39m                                                      │ [32m'<div class="performance-budget-alert" style="position: fixed; top: 20px; left: 20px; background: rgb(255, 68, 68); color: white; padding: 10px; border-radius: 4px; font-size: 12px; font-family: monospace; z-index: 10000; max-width: 300px; word-break: break-word;">'[39m                  │ [32m'[0,5]'[39m    │
│ 36      │ [32m'[".performance-budget-alert:nth-child(17) > strong"]'[39m                                             │ [32m'<strong>Performance Budget Violation</strong>'[39m                                                                                                                                                                                                                                             │ [32m'[0]'[39m      │
│ 37      │ [32m'[".performance-budget-alert:nth-child(18)"]'[39m                                                      │ [32m'<div class="performance-budget-alert" style="position: fixed; top: 20px; left: 20px; background: rgb(255, 68, 68); color: white; padding: 10px; border-radius: 4px; font-size: 12px; font-family: monospace; z-index: 10000; max-width: 300px; word-break: break-word;">'[39m                  │ [32m'[0,5]'[39m    │
│ 38      │ [32m'[".performance-budget-alert:nth-child(18) > strong"]'[39m                                             │ [32m'<strong>Performance Budget Violation</strong>'[39m                                                                                                                                                                                                                                             │ [32m'[0]'[39m      │
│ 39      │ [32m'[".performance-budget-alert:nth-child(19)"]'[39m                                                      │ [32m'<div class="performance-budget-alert" style="position: fixed; top: 20px; left: 20px; background: rgb(255, 68, 68); color: white; padding: 10px; border-radius: 4px; font-size: 12px; font-family: monospace; z-index: 10000; max-width: 300px; word-break: break-word;">'[39m                  │ [32m'[0,5]'[39m    │
│ 40      │ [32m'[".performance-budget-alert:nth-child(19) > strong"]'[39m                                             │ [32m'<strong>Performance Budget Violation</strong>'[39m                                                                                                                                                                                                                                             │ [32m'[0]'[39m      │
│ 41      │ [32m'[".performance-budget-alert:nth-child(20)"]'[39m                                                      │ [32m'<div class="performance-budget-alert" style="position: fixed; top: 20px; left: 20px; background: rgb(255, 68, 68); color: white; padding: 10px; border-radius: 4px; font-size: 12px; font-family: monospace; z-index: 10000; max-width: 300px; word-break: break-word;">'[39m                  │ [32m'[0,5]'[39m    │
│ 42      │ [32m'[".performance-budget-alert:nth-child(20) > strong"]'[39m                                             │ [32m'<strong>Performance Budget Violation</strong>'[39m                                                                                                                                                                                                                                             │ [32m'[0]'[39m      │
│ 43      │ [32m'[".performance-budget-alert:nth-child(21)"]'[39m                                                      │ [32m'<div class="performance-budget-alert" style="position: fixed; top: 20px; left: 20px; background: rgb(255, 68, 68); color: white; padding: 10px; border-radius: 4px; font-size: 12px; font-family: monospace; z-index: 10000; max-width: 300px; word-break: break-word;">'[39m                  │ [32m'[0,5]'[39m    │
│ 44      │ [32m'[".performance-budget-alert:nth-child(21) > strong"]'[39m                                             │ [32m'<strong>Performance Budget Violation</strong>'[39m                                                                                                                                                                                                                                             │ [32m'[0]'[39m      │
│ 45      │ [32m'[".performance-budget-alert:nth-child(22)"]'[39m                                                      │ [32m'<div class="performance-budget-alert" style="position: fixed; top: 20px; left: 20px; background: rgb(255, 68, 68); color: white; padding: 10px; border-radius: 4px; font-size: 12px; font-family: monospace; z-index: 10000; max-width: 300px; word-break: break-word;">'[39m                  │ [32m'[0,5]'[39m    │
│ 46      │ [32m'[".performance-budget-alert:nth-child(22) > strong"]'[39m                                             │ [32m'<strong>Performance Budget Violation</strong>'[39m                                                                                                                                                                                                                                             │ [32m'[0]'[39m      │
│ 47      │ [32m'[".performance-budget-alert:nth-child(23)"]'[39m                                                      │ [32m'<div class="performance-budget-alert" style="position: fixed; top: 20px; left: 20px; background: rgb(255, 68, 68); color: white; padding: 10px; border-radius: 4px; font-size: 12px; font-family: monospace; z-index: 10000; max-width: 300px; word-break: break-word;">'[39m                  │ [32m'[0,5]'[39m    │
│ 48      │ [32m'[".performance-budget-alert:nth-child(23) > strong"]'[39m                                             │ [32m'<strong>Performance Budget Violation</strong>'[39m                                                                                                                                                                                                                                             │ [32m'[0]'[39m      │
│ 49      │ [32m'[".performance-budget-alert:nth-child(24)"]'[39m                                                      │ [32m'<div class="performance-budget-alert" style="position: fixed; top: 20px; left: 20px; background: rgb(255, 68, 68); color: white; padding: 10px; border-radius: 4px; font-size: 12px; font-family: monospace; z-index: 10000; max-width: 300px; word-break: break-word;">'[39m                  │ [32m'[0,5]'[39m    │
│ 50      │ [32m'[".performance-budget-alert:nth-child(24) > strong"]'[39m                                             │ [32m'<strong>Performance Budget Violation</strong>'[39m                                                                                                                                                                                                                                             │ [32m'[0]'[39m      │
│ 51      │ [32m'[".performance-budget-alert:nth-child(25)"]'[39m                                                      │ [32m'<div class="performance-budget-alert" style="position: fixed; top: 20px; left: 20px; background: rgb(255, 68, 68); color: white; padding: 10px; border-radius: 4px; font-size: 12px; font-family: monospace; z-index: 10000; max-width: 300px; word-break: break-word;">'[39m                  │ [32m'[0,5]'[39m    │
│ 52      │ [32m'[".performance-budget-alert:nth-child(25) > strong"]'[39m                                             │ [32m'<strong>Performance Budget Violation</strong>'[39m                                                                                                                                                                                                                                             │ [32m'[0]'[39m      │
│ 53      │ [32m'[".performance-budget-alert:nth-child(26)"]'[39m                                                      │ [32m'<div class="performance-budget-alert" style="position: fixed; top: 20px; left: 20px; background: rgb(255, 68, 68); color: white; padding: 10px; border-radius: 4px; font-size: 12px; font-family: monospace; z-index: 10000; max-width: 300px; word-break: break-word;">'[39m                  │ [32m'[0,5]'[39m    │
│ 54      │ [32m'[".performance-budget-alert:nth-child(26) > strong"]'[39m                                             │ [32m'<strong>Performance Budget Violation</strong>'[39m                                                                                                                                                                                                                                             │ [32m'[0]'[39m      │
│ 55      │ [32m'[".performance-budget-alert:nth-child(27)"]'[39m                                                      │ [32m'<div class="performance-budget-alert" style="position: fixed; top: 20px; left: 20px; background: rgb(255, 68, 68); color: white; padding: 10px; border-radius: 4px; font-size: 12px; font-family: monospace; z-index: 10000; max-width: 300px; word-break: break-word;">'[39m                  │ [32m'[0,5]'[39m    │
│ 56      │ [32m'[".performance-budget-alert:nth-child(27) > strong"]'[39m                                             │ [32m'<strong>Performance Budget Violation</strong>'[39m                                                                                                                                                                                                                                             │ [32m'[0]'[39m      │
│ 57      │ [32m'[".performance-budget-alert:nth-child(28)"]'[39m                                                      │ [32m'<div class="performance-budget-alert" style="position: fixed; top: 20px; left: 20px; background: rgb(255, 68, 68); color: white; padding: 10px; border-radius: 4px; font-size: 12px; font-family: monospace; z-index: 10000; max-width: 300px; word-break: break-word;">'[39m                  │ [32m'[0,5]'[39m    │
│ 58      │ [32m'[".performance-budget-alert:nth-child(28) > strong"]'[39m                                             │ [32m'<strong>Performance Budget Violation</strong>'[39m                                                                                                                                                                                                                                             │ [32m'[0]'[39m      │
│ 59      │ [32m'[".performance-budget-alert:nth-child(29)"]'[39m                                                      │ [32m'<div class="performance-budget-alert" style="position: fixed; top: 20px; left: 20px; background: rgb(255, 68, 68); color: white; padding: 10px; border-radius: 4px; font-size: 12px; font-family: monospace; z-index: 10000; max-width: 300px; word-break: break-word;">'[39m                  │ [32m'[0,5]'[39m    │
│ 60      │ [32m'[".performance-budget-alert:nth-child(29) > strong"]'[39m                                             │ [32m'<strong>Performance Budget Violation</strong>'[39m                                                                                                                                                                                                                                             │ [32m'[0]'[39m      │
│ 61      │ [32m'[".performance-budget-alert:nth-child(30)"]'[39m                                                      │ [32m'<div class="performance-budget-alert" style="position: fixed; top: 20px; left: 20px; background: rgb(255, 68, 68); color: white; padding: 10px; border-radius: 4px; font-size: 12px; font-family: monospace; z-index: 10000; max-width: 300px; word-break: break-word;">'[39m                  │ [32m'[0,5]'[39m    │
│ 62      │ [32m'[".performance-budget-alert:nth-child(30) > strong"]'[39m                                             │ [32m'<strong>Performance Budget Violation</strong>'[39m                                                                                                                                                                                                                                             │ [32m'[0]'[39m      │
│ 63      │ [32m'[".performance-budget-alert:nth-child(31)"]'[39m                                                      │ [32m'<div class="performance-budget-alert" style="position: fixed; top: 20px; left: 20px; background: rgb(255, 68, 68); color: white; padding: 10px; border-radius: 4px; font-size: 12px; font-family: monospace; z-index: 10000; max-width: 300px; word-break: break-word;">'[39m                  │ [32m'[0,5]'[39m    │
│ 64      │ [32m'[".performance-budget-alert:nth-child(31) > strong"]'[39m                                             │ [32m'<strong>Performance Budget Violation</strong>'[39m                                                                                                                                                                                                                                             │ [32m'[0]'[39m      │
│ 65      │ [32m'[".performance-budget-alert:nth-child(32)"]'[39m                                                      │ [32m'<div class="performance-budget-alert" style="position: fixed; top: 20px; left: 20px; background: rgb(255, 68, 68); color: white; padding: 10px; border-radius: 4px; font-size: 12px; font-family: monospace; z-index: 10000; max-width: 300px; word-break: break-word;">'[39m                  │ [32m'[0,5]'[39m    │
│ 66      │ [32m'[".performance-budget-alert:nth-child(32) > strong"]'[39m                                             │ [32m'<strong>Performance Budget Violation</strong>'[39m                                                                                                                                                                                                                                             │ [32m'[0]'[39m      │
│ 67      │ [32m'[".performance-budget-alert:nth-child(33)"]'[39m                                                      │ [32m'<div class="performance-budget-alert" style="position: fixed; top: 20px; left: 20px; background: rgb(255, 68, 68); color: white; padding: 10px; border-radius: 4px; font-size: 12px; font-family: monospace; z-index: 10000; max-width: 300px; word-break: break-word;">'[39m                  │ [32m'[0,5]'[39m    │
│ 68      │ [32m'[".performance-budget-alert:nth-child(33) > strong"]'[39m                                             │ [32m'<strong>Performance Budget Violation</strong>'[39m                                                                                                                                                                                                                                             │ [32m'[0]'[39m      │
│ 69      │ [32m'[".performance-budget-alert:nth-child(34)"]'[39m                                                      │ [32m'<div class="performance-budget-alert" style="position: fixed; top: 20px; left: 20px; background: rgb(255, 68, 68); color: white; padding: 10px; border-radius: 4px; font-size: 12px; font-family: monospace; z-index: 10000; max-width: 300px; word-break: break-word;">'[39m                  │ [32m'[0,5]'[39m    │
│ 70      │ [32m'[".performance-budget-alert:nth-child(34) > strong"]'[39m                                             │ [32m'<strong>Performance Budget Violation</strong>'[39m                                                                                                                                                                                                                                             │ [32m'[0]'[39m      │
│ 71      │ [32m'[".performance-budget-alert:nth-child(35)"]'[39m                                                      │ [32m'<div class="performance-budget-alert" style="position: fixed; top: 20px; left: 20px; background: rgb(255, 68, 68); color: white; padding: 10px; border-radius: 4px; font-size: 12px; font-family: monospace; z-index: 10000; max-width: 300px; word-break: break-word;">'[39m                  │ [32m'[0,5]'[39m    │
│ 72      │ [32m'[".performance-budget-alert:nth-child(35) > strong"]'[39m                                             │ [32m'<strong>Performance Budget Violation</strong>'[39m                                                                                                                                                                                                                                             │ [32m'[0]'[39m      │
│ 73      │ [32m'[".performance-budget-alert:nth-child(36)"]'[39m                                                      │ [32m'<div class="performance-budget-alert" style="position: fixed; top: 20px; left: 20px; background: rgb(255, 68, 68); color: white; padding: 10px; border-radius: 4px; font-size: 12px; font-family: monospace; z-index: 10000; max-width: 300px; word-break: break-word;">'[39m                  │ [32m'[0,5]'[39m    │
│ 74      │ [32m'[".performance-budget-alert:nth-child(36) > strong"]'[39m                                             │ [32m'<strong>Performance Budget Violation</strong>'[39m                                                                                                                                                                                                                                             │ [32m'[0]'[39m      │
│ 75      │ [32m'[".performance-budget-alert:nth-child(37)"]'[39m                                                      │ [32m'<div class="performance-budget-alert" style="position: fixed; top: 20px; left: 20px; background: rgb(255, 68, 68); color: white; padding: 10px; border-radius: 4px; font-size: 12px; font-family: monospace; z-index: 10000; max-width: 300px; word-break: break-word;">'[39m                  │ [32m'[0,5]'[39m    │
│ 76      │ [32m'[".performance-budget-alert:nth-child(37) > strong"]'[39m                                             │ [32m'<strong>Performance Budget Violation</strong>'[39m                                                                                                                                                                                                                                             │ [32m'[0]'[39m      │
│ 77      │ [32m'[".performance-budget-alert:nth-child(38)"]'[39m                                                      │ [32m'<div class="performance-budget-alert" style="position: fixed; top: 20px; left: 20px; background: rgb(255, 68, 68); color: white; padding: 10px; border-radius: 4px; font-size: 12px; font-family: monospace; z-index: 10000; max-width: 300px; word-break: break-word;">'[39m                  │ [32m'[0,5]'[39m    │
│ 78      │ [32m'[".performance-budget-alert:nth-child(38) > strong"]'[39m                                             │ [32m'<strong>Performance Budget Violation</strong>'[39m                                                                                                                                                                                                                                             │ [32m'[0]'[39m      │
│ 79      │ [32m'[".performance-budget-alert:nth-child(39)"]'[39m                                                      │ [32m'<div class="performance-budget-alert" style="position: fixed; top: 20px; left: 20px; background: rgb(255, 68, 68); color: white; padding: 10px; border-radius: 4px; font-size: 12px; font-family: monospace; z-index: 10000; max-width: 300px; word-break: break-word;">'[39m                  │ [32m'[0,5]'[39m    │
│ 80      │ [32m'[".performance-budget-alert:nth-child(39) > strong"]'[39m                                             │ [32m'<strong>Performance Budget Violation</strong>'[39m                                                                                                                                                                                                                                             │ [32m'[0]'[39m      │
│ 81      │ [32m'[".performance-budget-alert:nth-child(40)"]'[39m                                                      │ [32m'<div class="performance-budget-alert" style="position: fixed; top: 20px; left: 20px; background: rgb(255, 68, 68); color: white; padding: 10px; border-radius: 4px; font-size: 12px; font-family: monospace; z-index: 10000; max-width: 300px; word-break: break-word;">'[39m                  │ [32m'[0,5]'[39m    │
│ 82      │ [32m'[".performance-budget-alert:nth-child(40) > strong"]'[39m                                             │ [32m'<strong>Performance Budget Violation</strong>'[39m                                                                                                                                                                                                                                             │ [32m'[0]'[39m      │
│ 83      │ [32m'[".performance-budget-alert:nth-child(41)"]'[39m                                                      │ [32m'<div class="performance-budget-alert" style="position: fixed; top: 20px; left: 20px; background: rgb(255, 68, 68); color: white; padding: 10px; border-radius: 4px; font-size: 12px; font-family: monospace; z-index: 10000; max-width: 300px; word-break: break-word;">'[39m                  │ [32m'[0,5]'[39m    │
│ 84      │ [32m'[".performance-budget-alert:nth-child(41) > strong"]'[39m                                             │ [32m'<strong>Performance Budget Violation</strong>'[39m                                                                                                                                                                                                                                             │ [32m'[0]'[39m      │
│ 85      │ [32m'[".performance-budget-alert:nth-child(42)"]'[39m                                                      │ [32m'<div class="performance-budget-alert" style="position: fixed; top: 20px; left: 20px; background: rgb(255, 68, 68); color: white; padding: 10px; border-radius: 4px; font-size: 12px; font-family: monospace; z-index: 10000; max-width: 300px; word-break: break-word;">'[39m                  │ [32m'[0,5]'[39m    │
│ 86      │ [32m'[".performance-budget-alert:nth-child(42) > strong"]'[39m                                             │ [32m'<strong>Performance Budget Violation</strong>'[39m                                                                                                                                                                                                                                             │ [32m'[0]'[39m      │
│ 87      │ [32m'[".performance-budget-alert:nth-child(43)"]'[39m                                                      │ [32m'<div class="performance-budget-alert" style="position: fixed; top: 20px; left: 20px; background: rgb(255, 68, 68); color: white; padding: 10px; border-radius: 4px; font-size: 12px; font-family: monospace; z-index: 10000; max-width: 300px; word-break: break-word;">'[39m                  │ [32m'[0,5]'[39m    │
│ 88      │ [32m'[".performance-budget-alert:nth-child(43) > strong"]'[39m                                             │ [32m'<strong>Performance Budget Violation</strong>'[39m                                                                                                                                                                                                                                             │ [32m'[0]'[39m      │
│ 89      │ [32m'[".footer-section:nth-child(1) > h4"]'[39m                                                            │ [32m'<h4>SmartPetBuys</h4>'[39m                                                                                                                                                                                                                                                                     │ [32m'[1]'[39m      │
│ 90      │ [32m'["section"]'[39m                                                                                      │ [32m'<section class="hero-section" role="banner" aria-label="Website introduction">'[39m                                                                                                                                                                                                            │ [32m'[2]'[39m      │
│ 91      │ [32m'["header"]'[39m                                                                                       │ [32m'<header class="header is-visible" role="banner">'[39m                                                                                                                                                                                                                                          │ [32m'[3]'[39m      │
│ 92      │ [32m'[".pagination"]'[39m                                                                                  │ [32m'<nav class="pagination">\n  <a href="/page/2/" class="btn">Next →</a>\n</nav>'[39m                                                                                                                                                                                                             │ [32m'[4]'[39m      │
│ 93      │ [32m'["a[href$=\\"#main-content\\"]"]'[39m                                                                 │ [32m'<a href="#main-content" class="skip-link">Skip to main content</a>'[39m                                                                                                                                                                                                                        │ [32m'[5]'[39m      │
│ 94      │ [32m'[".sticky-bar-content"]'[39m                                                                          │ [32m'<div class="sticky-bar-content">\n      <div class="sticky-bar-text">\n        <span class="sticky-bar-emoji">🐾</span>\n        <strong>Get Our FREE Pet Guide!</strong>\n      </div>\n    </div>'[39m                                                                                       │ [32m'[5]'[39m      │
│ 95      │ [32m'[".ml-form-embedContent"]'[39m                                                                        │ [32m'<div class="ml-form-embedContent" style=" ">\n              \n                <h4>Get More Pet Product Tips!</h4>\n                <p>Join thousands of smart pet parents getting our FREE buying guides and weekly product<br>  recommendations</p>\n              \n            </div>'[39m  │ [32m'[5]'[39m      │
│ 96      │ [32m'[".ml-input-horizontal"]'[39m                                                                         │ [32m'<div class="ml-input-horizontal">'[39m                                                                                                                                                                                                                                                         │ [32m'[5]'[39m      │
└─────────┴────────────────────────────────────────────────────────────────────────────────────────────────────┴─────────────────────────────────────────────────────────────────────────────────────────────────────────────────────────────────────────────────────────────────────────────────────────────────────────────────────────────────────────────────────────────────────────────────────────────┴────────────┘
]]>
</system-out>
<system-err>
<![CDATA[
Warning: attachment mobile-accessibility-Mobil-c34e8--compliance-scan---Homepage-A11y-iPhone-15-Pro-VoiceOver\test-failed-1.png is missing
Warning: attachment mobile-accessibility-Mobil-c34e8--compliance-scan---Homepage-A11y-iPhone-15-Pro-VoiceOver\video.webm is missing
Warning: attachment mobile-accessibility-Mobil-c34e8--compliance-scan---Homepage-A11y-iPhone-15-Pro-VoiceOver\error-context.md is missing
Warning: attachment mobile-accessibility-Mobil-c34e8--compliance-scan---Homepage-A11y-iPhone-15-Pro-VoiceOver-retry1\test-failed-1.png is missing
Warning: attachment mobile-accessibility-Mobil-c34e8--compliance-scan---Homepage-A11y-iPhone-15-Pro-VoiceOver-retry1\video.webm is missing
Warning: attachment mobile-accessibility-Mobil-c34e8--compliance-scan---Homepage-A11y-iPhone-15-Pro-VoiceOver-retry1\error-context.md is missing
Warning: attachment mobile-accessibility-Mobil-c34e8--compliance-scan---Homepage-A11y-iPhone-15-Pro-VoiceOver-retry1\trace.zip is missing]]>
</system-err>
</testcase>
<testcase name="Mobile Accessibility Tests @accessibility @a11y › Touch target accessibility - Minimum sizes" classname="mobile-accessibility.spec.js" time="7.88">
<failure message="mobile-accessibility.spec.js:30:3 Touch target accessibility - Minimum sizes" type="FAILURE">
<![CDATA[  [A11y-iPhone-15-Pro-VoiceOver] › mobile-accessibility.spec.js:30:3 › Mobile Accessibility Tests @accessibility @a11y › Touch target accessibility - Minimum sizes 

    Error: Element height 22px should be >= 44px

    expect(received).toBeTruthy()

    Received: false

      65 |           // Soft assertion with detailed reporting
      66 |           expect.soft(meetsWidth, `Element width ${actualWidth}px should be >= ${minSize}px`).toBeTruthy();
    > 67 |           expect.soft(meetsHeight, `Element height ${actualHeight}px should be >= ${minSize}px`).toBeTruthy();
         |                                                                                                  ^
      68 |         }
      69 |       }
      70 |     }
        at C:\Users\johnm\smartpetbuys\testing\tests\accessibility\mobile-accessibility.spec.js:67:98

    attachment #1: screenshot (image/png) ──────────────────────────────────────────────────────────
    ..\..\test-results\mobile-accessibility-Mobil-01639-cessibility---Minimum-sizes-A11y-iPhone-15-Pro-VoiceOver\test-failed-1.png
    ────────────────────────────────────────────────────────────────────────────────────────────────

    attachment #2: video (video/webm) ──────────────────────────────────────────────────────────────
    ..\..\test-results\mobile-accessibility-Mobil-01639-cessibility---Minimum-sizes-A11y-iPhone-15-Pro-VoiceOver\video.webm
    ────────────────────────────────────────────────────────────────────────────────────────────────

    Error Context: ..\..\test-results\mobile-accessibility-Mobil-01639-cessibility---Minimum-sizes-A11y-iPhone-15-Pro-VoiceOver\error-context.md

    Retry #1 ───────────────────────────────────────────────────────────────────────────────────────

    Error: Element height 22px should be >= 44px

    expect(received).toBeTruthy()

    Received: false

      65 |           // Soft assertion with detailed reporting
      66 |           expect.soft(meetsWidth, `Element width ${actualWidth}px should be >= ${minSize}px`).toBeTruthy();
    > 67 |           expect.soft(meetsHeight, `Element height ${actualHeight}px should be >= ${minSize}px`).toBeTruthy();
         |                                                                                                  ^
      68 |         }
      69 |       }
      70 |     }
        at C:\Users\johnm\smartpetbuys\testing\tests\accessibility\mobile-accessibility.spec.js:67:98

    attachment #1: screenshot (image/png) ──────────────────────────────────────────────────────────
    ..\..\test-results\mobile-accessibility-Mobil-01639-cessibility---Minimum-sizes-A11y-iPhone-15-Pro-VoiceOver-retry1\test-failed-1.png
    ────────────────────────────────────────────────────────────────────────────────────────────────

    attachment #2: video (video/webm) ──────────────────────────────────────────────────────────────
    ..\..\test-results\mobile-accessibility-Mobil-01639-cessibility---Minimum-sizes-A11y-iPhone-15-Pro-VoiceOver-retry1\video.webm
    ────────────────────────────────────────────────────────────────────────────────────────────────

    Error Context: ..\..\test-results\mobile-accessibility-Mobil-01639-cessibility---Minimum-sizes-A11y-iPhone-15-Pro-VoiceOver-retry1\error-context.md

    attachment #4: trace (application/zip) ─────────────────────────────────────────────────────────
    ..\..\test-results\mobile-accessibility-Mobil-01639-cessibility---Minimum-sizes-A11y-iPhone-15-Pro-VoiceOver-retry1\trace.zip
    Usage:

        npx playwright show-trace ..\..\test-results\mobile-accessibility-Mobil-01639-cessibility---Minimum-sizes-A11y-iPhone-15-Pro-VoiceOver-retry1\trace.zip

    ────────────────────────────────────────────────────────────────────────────────────────────────
]]>
</failure>
<system-out>
<![CDATA[Testing 42 interactive elements for touch target compliance
Touch target too small: A.affiliate-disclosure__link - 85.625x22px - Text: "Learn more"
Testing 42 interactive elements for touch target compliance
Touch target too small: A.affiliate-disclosure__link - 85.625x22px - Text: "Learn more"
]]>
</system-out>
<system-err>
<![CDATA[
Warning: attachment mobile-accessibility-Mobil-01639-cessibility---Minimum-sizes-A11y-iPhone-15-Pro-VoiceOver\test-failed-1.png is missing
Warning: attachment mobile-accessibility-Mobil-01639-cessibility---Minimum-sizes-A11y-iPhone-15-Pro-VoiceOver\video.webm is missing
Warning: attachment mobile-accessibility-Mobil-01639-cessibility---Minimum-sizes-A11y-iPhone-15-Pro-VoiceOver\error-context.md is missing
Warning: attachment mobile-accessibility-Mobil-01639-cessibility---Minimum-sizes-A11y-iPhone-15-Pro-VoiceOver-retry1\test-failed-1.png is missing
Warning: attachment mobile-accessibility-Mobil-01639-cessibility---Minimum-sizes-A11y-iPhone-15-Pro-VoiceOver-retry1\video.webm is missing
Warning: attachment mobile-accessibility-Mobil-01639-cessibility---Minimum-sizes-A11y-iPhone-15-Pro-VoiceOver-retry1\error-context.md is missing
Warning: attachment mobile-accessibility-Mobil-01639-cessibility---Minimum-sizes-A11y-iPhone-15-Pro-VoiceOver-retry1\trace.zip is missing]]>
</system-err>
</testcase>
<testcase name="Mobile Accessibility Tests @accessibility @a11y › Keyboard navigation accessibility" classname="mobile-accessibility.spec.js" time="7.361">
<system-err>
<![CDATA[
Warning: attachment mobile-accessibility-Mobil-96075-rd-navigation-accessibility-A11y-iPhone-15-Pro-VoiceOver\test-finished-1.png is missing]]>
</system-err>
</testcase>
<testcase name="Mobile Accessibility Tests @accessibility @a11y › Screen reader compatibility - ARIA labels and roles" classname="mobile-accessibility.spec.js" time="5.215">
<failure message="mobile-accessibility.spec.js:116:3 Screen reader compatibility - ARIA labels and roles" type="FAILURE">
<![CDATA[  [A11y-iPhone-15-Pro-VoiceOver] › mobile-accessibility.spec.js:116:3 › Mobile Accessibility Tests @accessibility @a11y › Screen reader compatibility - ARIA labels and roles 

    Error: Input should have aria-label or associated label

    expect(received).toBeTruthy()

    Received: null

      158 |               const hasAssociatedLabel = ariaLabel || (id && await page.locator(`label[for="${id}"]`).count() > 0);
      159 |               
    > 160 |               expect.soft(hasAssociatedLabel, 'Input should have aria-label or associated label').toBeTruthy();
          |                                                                                                   ^
      161 |             }
      162 |             
      163 |             if (selector === 'img') {
        at C:\Users\johnm\smartpetbuys\testing\tests\accessibility\mobile-accessibility.spec.js:160:99

    Error: Input should have aria-label or associated label

    expect(received).toBeTruthy()

    Received: null

      158 |               const hasAssociatedLabel = ariaLabel || (id && await page.locator(`label[for="${id}"]`).count() > 0);
      159 |               
    > 160 |               expect.soft(hasAssociatedLabel, 'Input should have aria-label or associated label').toBeTruthy();
          |                                                                                                   ^
      161 |             }
      162 |             
      163 |             if (selector === 'img') {
        at C:\Users\johnm\smartpetbuys\testing\tests\accessibility\mobile-accessibility.spec.js:160:99

    attachment #1: screenshot (image/png) ──────────────────────────────────────────────────────────
    ..\..\test-results\mobile-accessibility-Mobil-27508-ity---ARIA-labels-and-roles-A11y-iPhone-15-Pro-VoiceOver\test-failed-1.png
    ────────────────────────────────────────────────────────────────────────────────────────────────

    attachment #2: video (video/webm) ──────────────────────────────────────────────────────────────
    ..\..\test-results\mobile-accessibility-Mobil-27508-ity---ARIA-labels-and-roles-A11y-iPhone-15-Pro-VoiceOver\video.webm
    ────────────────────────────────────────────────────────────────────────────────────────────────

    Error Context: ..\..\test-results\mobile-accessibility-Mobil-27508-ity---ARIA-labels-and-roles-A11y-iPhone-15-Pro-VoiceOver\error-context.md

    Retry #1 ───────────────────────────────────────────────────────────────────────────────────────

    Error: Input should have aria-label or associated label

    expect(received).toBeTruthy()

    Received: null

      158 |               const hasAssociatedLabel = ariaLabel || (id && await page.locator(`label[for="${id}"]`).count() > 0);
      159 |               
    > 160 |               expect.soft(hasAssociatedLabel, 'Input should have aria-label or associated label').toBeTruthy();
          |                                                                                                   ^
      161 |             }
      162 |             
      163 |             if (selector === 'img') {
        at C:\Users\johnm\smartpetbuys\testing\tests\accessibility\mobile-accessibility.spec.js:160:99

    Error: Input should have aria-label or associated label

    expect(received).toBeTruthy()

    Received: null

      158 |               const hasAssociatedLabel = ariaLabel || (id && await page.locator(`label[for="${id}"]`).count() > 0);
      159 |               
    > 160 |               expect.soft(hasAssociatedLabel, 'Input should have aria-label or associated label').toBeTruthy();
          |                                                                                                   ^
      161 |             }
      162 |             
      163 |             if (selector === 'img') {
        at C:\Users\johnm\smartpetbuys\testing\tests\accessibility\mobile-accessibility.spec.js:160:99

    attachment #1: screenshot (image/png) ──────────────────────────────────────────────────────────
    ..\..\test-results\mobile-accessibility-Mobil-27508-ity---ARIA-labels-and-roles-A11y-iPhone-15-Pro-VoiceOver-retry1\test-failed-1.png
[...]
<failure message="mobile-accessibility.spec.js:364:3 Zoom and scale accessibility" type="FAILURE">
<![CDATA[  [A11y-Reduced-Motion] › mobile-accessibility.spec.js:364:3 › Mobile Accessibility Tests @accessibility @a11y › Zoom and scale accessibility 

    Error: worker process exited unexpectedly (code=3221225794, signal=null)

    Retry #1 ───────────────────────────────────────────────────────────────────────────────────────

    Error: worker process exited unexpectedly (code=3221225794, signal=null)
]]>
</failure>
</testcase>
</testsuite>
<testsuite name="mobile-accessibility.spec.js" timestamp="2025-08-19T12:50:43.521Z" hostname="A11y-Keyboard-Navigation" tests="9" failures="9" skipped="0" time="0" errors="0">
<testcase name="Mobile Accessibility Tests @accessibility @a11y › WCAG compliance scan - Homepage" classname="mobile-accessibility.spec.js" time="0">
<failure message="mobile-accessibility.spec.js:16:3 WCAG compliance scan - Homepage" type="FAILURE">
<![CDATA[  [A11y-Keyboard-Navigation] › mobile-accessibility.spec.js:16:3 › Mobile Accessibility Tests @accessibility @a11y › WCAG compliance scan - Homepage 

    Error: worker process exited unexpectedly (code=3221225794, signal=null)

    Retry #1 ───────────────────────────────────────────────────────────────────────────────────────

    Error: worker process exited unexpectedly (code=3221225794, signal=null)
]]>
</failure>
</testcase>
<testcase name="Mobile Accessibility Tests @accessibility @a11y › Touch target accessibility - Minimum sizes" classname="mobile-accessibility.spec.js" time="0">
<failure message="mobile-accessibility.spec.js:30:3 Touch target accessibility - Minimum sizes" type="FAILURE">
<![CDATA[  [A11y-Keyboard-Navigation] › mobile-accessibility.spec.js:30:3 › Mobile Accessibility Tests @accessibility @a11y › Touch target accessibility - Minimum sizes 

    Error: worker process exited unexpectedly (code=3221225794, signal=null)

    Retry #1 ───────────────────────────────────────────────────────────────────────────────────────

    Error: worker process exited unexpectedly (code=3221225794, signal=null)
]]>
</failure>
</testcase>
<testcase name="Mobile Accessibility Tests @accessibility @a11y › Keyboard navigation accessibility" classname="mobile-accessibility.spec.js" time="0">
<failure message="mobile-accessibility.spec.js:73:3 Keyboard navigation accessibility" type="FAILURE">
<![CDATA[  [A11y-Keyboard-Navigation] › mobile-accessibility.spec.js:73:3 › Mobile Accessibility Tests @accessibility @a11y › Keyboard navigation accessibility 

    Error: worker process exited unexpectedly (code=3221225794, signal=null)

    Retry #1 ───────────────────────────────────────────────────────────────────────────────────────

    Error: worker process exited unexpectedly (code=3221225794, signal=null)
]]>
</failure>
</testcase>
<testcase name="Mobile Accessibility Tests @accessibility @a11y › Screen reader compatibility - ARIA labels and roles" classname="mobile-accessibility.spec.js" time="0">
<failure message="mobile-accessibility.spec.js:116:3 Screen reader compatibility - ARIA labels and roles" type="FAILURE">
<![CDATA[  [A11y-Keyboard-Navigation] › mobile-accessibility.spec.js:116:3 › Mobile Accessibility Tests @accessibility @a11y › Screen reader compatibility - ARIA labels and roles 

    Error: worker process exited unexpectedly (code=3221225794, signal=null)

    Retry #1 ───────────────────────────────────────────────────────────────────────────────────────

    Error: worker process exited unexpectedly (code=3221225794, signal=null)
]]>
</failure>
</testcase>
<testcase name="Mobile Accessibility Tests @accessibility @a11y › Color contrast accessibility" classname="mobile-accessibility.spec.js" time="0">
<failure message="mobile-accessibility.spec.js:177:3 Color contrast accessibility" type="FAILURE">
<![CDATA[  [A11y-Keyboard-Navigation] › mobile-accessibility.spec.js:177:3 › Mobile Accessibility Tests @accessibility @a11y › Color contrast accessibility 

    Error: worker process exited unexpectedly (code=3221225794, signal=null)

    Retry #1 ───────────────────────────────────────────────────────────────────────────────────────

    Error: worker process exited unexpectedly (code=3221225794, signal=null)
]]>
</failure>
</testcase>
<testcase name="Mobile Accessibility Tests @accessibility @a11y › Mobile form accessibility" classname="mobile-accessibility.spec.js" time="0">
<failure message="mobile-accessibility.spec.js:219:3 Mobile form accessibility" type="FAILURE">
<![CDATA[  [A11y-Keyboard-Navigation] › mobile-accessibility.spec.js:219:3 › Mobile Accessibility Tests @accessibility @a11y › Mobile form accessibility 

    Error: worker process exited unexpectedly (code=3221225794, signal=null)

    Retry #1 ───────────────────────────────────────────────────────────────────────────────────────

    Error: worker process exited unexpectedly (code=3221225794, signal=null)
]]>
</failure>
</testcase>
<testcase name="Mobile Accessibility Tests @accessibility @a11y › Mobile menu accessibility" classname="mobile-accessibility.spec.js" time="0">
<failure message="mobile-accessibility.spec.js:271:3 Mobile menu accessibility" type="FAILURE">
<![CDATA[  [A11y-Keyboard-Navigation] › mobile-accessibility.spec.js:271:3 › Mobile Accessibility Tests @accessibility @a11y › Mobile menu accessibility 

    Error: worker process exited unexpectedly (code=3221225794, signal=null)

    Retry #1 ───────────────────────────────────────────────────────────────────────────────────────

    Error: worker process exited unexpectedly (code=3221225794, signal=null)
]]>
</failure>
</testcase>
<testcase name="Mobile Accessibility Tests @accessibility @a11y › Heading hierarchy accessibility" classname="mobile-accessibility.spec.js" time="0">
<failure message="mobile-accessibility.spec.js:327:3 Heading hierarchy accessibility" type="FAILURE">
<![CDATA[  [A11y-Keyboard-Navigation] › mobile-accessibility.spec.js:327:3 › Mobile Accessibility Tests @accessibility @a11y › Heading hierarchy accessibility 

    Error: worker process exited unexpectedly (code=3221225794, signal=null)

    Retry #1 ───────────────────────────────────────────────────────────────────────────────────────

    Error: worker process exited unexpectedly (code=3221225794, signal=null)
]]>
</failure>
</testcase>
<testcase name="Mobile Accessibility Tests @accessibility @a11y › Zoom and scale accessibility" classname="mobile-accessibility.spec.js" time="0">
<failure message="mobile-accessibility.spec.js:364:3 Zoom and scale accessibility" type="FAILURE">
<![CDATA[  [A11y-Keyboard-Navigation] › mobile-accessibility.spec.js:364:3 › Mobile Accessibility Tests @accessibility @a11y › Zoom and scale accessibility 

    Error: worker process exited unexpectedly (code=3221225794, signal=null)

    Retry #1 ───────────────────────────────────────────────────────────────────────────────────────

    Error: worker process exited unexpectedly (code=3221225794, signal=null)
]]>
</failure>
</testcase>
</testsuite>
<testsuite name="mobile-accessibility.spec.js" timestamp="2025-08-19T12:50:43.521Z" hostname="A11y-Switch-Control" tests="9" failures="9" skipped="0" time="0" errors="0">
<testcase name="Mobile Accessibility Tests @accessibility @a11y › WCAG compliance scan - Homepage" classname="mobile-accessibility.spec.js" time="0">
<failure message="mobile-accessibility.spec.js:16:3 WCAG compliance scan - Homepage" type="FAILURE">
<![CDATA[  [A11y-Switch-Control] › mobile-accessibility.spec.js:16:3 › Mobile Accessibility Tests @accessibility @a11y › WCAG compliance scan - Homepage 

    Error: worker process exited unexpectedly (code=3221225794, signal=null)

    Retry #1 ───────────────────────────────────────────────────────────────────────────────────────

    Error: worker process exited unexpectedly (code=3221225794, signal=null)
]]>
</failure>
</testcase>
<testcase name="Mobile Accessibility Tests @accessibility @a11y › Touch target accessibility - Minimum sizes" classname="mobile-accessibility.spec.js" time="0">
<failure message="mobile-accessibility.spec.js:30:3 Touch target accessibility - Minimum sizes" type="FAILURE">
<![CDATA[  [A11y-Switch-Control] › mobile-accessibility.spec.js:30:3 › Mobile Accessibility Tests @accessibility @a11y › Touch target accessibility - Minimum sizes 

    Error: worker process exited unexpectedly (code=3221225794, signal=null)

    Retry #1 ───────────────────────────────────────────────────────────────────────────────────────

    Error: worker process exited unexpectedly (code=3221225794, signal=null)
]]>
</failure>
</testcase>
<testcase name="Mobile Accessibility Tests @accessibility @a11y › Keyboard navigation accessibility" classname="mobile-accessibility.spec.js" time="0">
<failure message="mobile-accessibility.spec.js:73:3 Keyboard navigation accessibility" type="FAILURE">
<![CDATA[  [A11y-Switch-Control] › mobile-accessibility.spec.js:73:3 › Mobile Accessibility Tests @accessibility @a11y › Keyboard navigation accessibility 

    Error: worker process exited unexpectedly (code=3221225794, signal=null)

    Retry #1 ───────────────────────────────────────────────────────────────────────────────────────

    Error: worker process exited unexpectedly (code=3221225794, signal=null)
]]>
</failure>
</testcase>
<testcase name="Mobile Accessibility Tests @accessibility @a11y › Screen reader compatibility - ARIA labels and roles" classname="mobile-accessibility.spec.js" time="0">
<failure message="mobile-accessibility.spec.js:116:3 Screen reader compatibility - ARIA labels and roles" type="FAILURE">
<![CDATA[  [A11y-Switch-Control] › mobile-accessibility.spec.js:116:3 › Mobile Accessibility Tests @accessibility @a11y › Screen reader compatibility - ARIA labels and roles 

    Error: worker process exited unexpectedly (code=3221225794, signal=null)

    Retry #1 ───────────────────────────────────────────────────────────────────────────────────────

    Error: worker process exited unexpectedly (code=3221225794, signal=null)
]]>
</failure>
</testcase>
<testcase name="Mobile Accessibility Tests @accessibility @a11y › Color contrast accessibility" classname="mobile-accessibility.spec.js" time="0">
<failure message="mobile-accessibility.spec.js:177:3 Color contrast accessibility" type="FAILURE">
<![CDATA[  [A11y-Switch-Control] › mobile-accessibility.spec.js:177:3 › Mobile Accessibility Tests @accessibility @a11y › Color contrast accessibility 

    Error: worker process exited unexpectedly (code=3221225794, signal=null)

    Retry #1 ───────────────────────────────────────────────────────────────────────────────────────

    Error: worker process exited unexpectedly (code=3221225794, signal=null)
]]>
</failure>
</testcase>
<testcase name="Mobile Accessibility Tests @accessibility @a11y › Mobile form accessibility" classname="mobile-accessibility.spec.js" time="0">
<failure message="mobile-accessibility.spec.js:219:3 Mobile form accessibility" type="FAILURE">
<![CDATA[  [A11y-Switch-Control] › mobile-accessibility.spec.js:219:3 › Mobile Accessibility Tests @accessibility @a11y › Mobile form accessibility 

    Error: worker process exited unexpectedly (code=3221225794, signal=null)

    Retry #1 ───────────────────────────────────────────────────────────────────────────────────────

    Error: worker process exited unexpectedly (code=3221225794, signal=null)
]]>
</failure>
</testcase>
<testcase name="Mobile Accessibility Tests @accessibility @a11y › Mobile menu accessibility" classname="mobile-accessibility.spec.js" time="0">
<failure message="mobile-accessibility.spec.js:271:3 Mobile menu accessibility" type="FAILURE">
<![CDATA[  [A11y-Switch-Control] › mobile-accessibility.spec.js:271:3 › Mobile Accessibility Tests @accessibility @a11y › Mobile menu accessibility 

    Error: worker process exited unexpectedly (code=3221225794, signal=null)

    Retry #1 ───────────────────────────────────────────────────────────────────────────────────────

    Error: worker process exited unexpectedly (code=3221225794, signal=null)
]]>
</failure>
</testcase>
<testcase name="Mobile Accessibility Tests @accessibility @a11y › Heading hierarchy accessibility" classname="mobile-accessibility.spec.js" time="0">
<failure message="mobile-accessibility.spec.js:327:3 Heading hierarchy accessibility" type="FAILURE">
<![CDATA[  [A11y-Switch-Control] › mobile-accessibility.spec.js:327:3 › Mobile Accessibility Tests @accessibility @a11y › Heading hierarchy accessibility 

    Error: worker process exited unexpectedly (code=3221225794, signal=null)

    Retry #1 ───────────────────────────────────────────────────────────────────────────────────────

    Error: worker process exited unexpectedly (code=3221225794, signal=null)
]]>
</failure>
</testcase>
<testcase name="Mobile Accessibility Tests @accessibility @a11y › Zoom and scale accessibility" classname="mobile-accessibility.spec.js" time="0">
<failure message="mobile-accessibility.spec.js:364:3 Zoom and scale accessibility" type="FAILURE">
<![CDATA[  [A11y-Switch-Control] › mobile-accessibility.spec.js:364:3 › Mobile Accessibility Tests @accessibility @a11y › Zoom and scale accessibility 

    Error: worker process exited unexpectedly (code=3221225794, signal=null)

    Retry #1 ───────────────────────────────────────────────────────────────────────────────────────

    Error: worker process exited unexpectedly (code=3221225794, signal=null)
]]>
</failure>
</testcase>
</testsuite>
<testsuite name="mobile-accessibility.spec.js" timestamp="2025-08-19T12:50:43.521Z" hostname="A11y-Voice-Control" tests="9" failures="9" skipped="0" time="0" errors="0">
<testcase name="Mobile Accessibility Tests @accessibility @a11y › WCAG compliance scan - Homepage" classname="mobile-accessibility.spec.js" time="0">
<failure message="mobile-accessibility.spec.js:16:3 WCAG compliance scan - Homepage" type="FAILURE">
<![CDATA[  [A11y-Voice-Control] › mobile-accessibility.spec.js:16:3 › Mobile Accessibility Tests @accessibility @a11y › WCAG compliance scan - Homepage 

    Error: worker process exited unexpectedly (code=3221225794, signal=null)

    Retry #1 ───────────────────────────────────────────────────────────────────────────────────────

    Error: worker process exited unexpectedly (code=3221225794, signal=null)
]]>
</failure>
</testcase>
<testcase name="Mobile Accessibility Tests @accessibility @a11y › Touch target accessibility - Minimum sizes" classname="mobile-accessibility.spec.js" time="0">
<failure message="mobile-accessibility.spec.js:30:3 Touch target accessibility - Minimum sizes" type="FAILURE">
<![CDATA[  [A11y-Voice-Control] › mobile-accessibility.spec.js:30:3 › Mobile Accessibility Tests @accessibility @a11y › Touch target accessibility - Minimum sizes 

    Error: worker process exited unexpectedly (code=3221225794, signal=null)

    Retry #1 ───────────────────────────────────────────────────────────────────────────────────────

    Error: worker process exited unexpectedly (code=3221225794, signal=null)
]]>
</failure>
</testcase>
<testcase name="Mobile Accessibility Tests @accessibility @a11y › Keyboard navigation accessibility" classname="mobile-accessibility.spec.js" time="0">
<failure message="mobile-accessibility.spec.js:73:3 Keyboard navigation accessibility" type="FAILURE">
<![CDATA[  [A11y-Voice-Control] › mobile-accessibility.spec.js:73:3 › Mobile Accessibility Tests @accessibility @a11y › Keyboard navigation accessibility 

    Error: worker process exited unexpectedly (code=3221225794, signal=null)

    Retry #1 ───────────────────────────────────────────────────────────────────────────────────────

    Error: worker process exited unexpectedly (code=3221225794, signal=null)
]]>
</failure>
</testcase>
<testcase name="Mobile Accessibility Tests @accessibility @a11y › Screen reader compatibility - ARIA labels and roles" classname="mobile-accessibility.spec.js" time="0">
<failure message="mobile-accessibility.spec.js:116:3 Screen reader compatibility - ARIA labels and roles" type="FAILURE">
<![CDATA[  [A11y-Voice-Control] › mobile-accessibility.spec.js:116:3 › Mobile Accessibility Tests @accessibility @a11y › Screen reader compatibility - ARIA labels and roles 

    Error: worker process exited unexpectedly (code=3221225794, signal=null)

    Retry #1 ───────────────────────────────────────────────────────────────────────────────────────

    Error: worker process exited unexpectedly (code=3221225794, signal=null)
]]>
</failure>
</testcase>
<testcase name="Mobile Accessibility Tests @accessibility @a11y › Color contrast accessibility" classname="mobile-accessibility.spec.js" time="0">
<failure message="mobile-accessibility.spec.js:177:3 Color contrast accessibility" type="FAILURE">
<![CDATA[  [A11y-Voice-Control] › mobile-accessibility.spec.js:177:3 › Mobile Accessibility Tests @accessibility @a11y › Color contrast accessibility 

    Error: worker process exited unexpectedly (code=3221225794, signal=null)

    Retry #1 ───────────────────────────────────────────────────────────────────────────────────────

    Error: worker process exited unexpectedly (code=3221225794, signal=null)
]]>
</failure>
</testcase>
<testcase name="Mobile Accessibility Tests @accessibility @a11y › Mobile form accessibility" classname="mobile-accessibility.spec.js" time="0">
<failure message="mobile-accessibility.spec.js:219:3 Mobile form accessibility" type="FAILURE">
<![CDATA[  [A11y-Voice-Control] › mobile-accessibility.spec.js:219:3 › Mobile Accessibility Tests @accessibility @a11y › Mobile form accessibility 

    Error: worker process exited unexpectedly (code=3221225794, signal=null)

    Retry #1 ───────────────────────────────────────────────────────────────────────────────────────

    Error: worker process exited unexpectedly (code=3221225794, signal=null)
]]>
</failure>
</testcase>
<testcase name="Mobile Accessibility Tests @accessibility @a11y › Mobile menu accessibility" classname="mobile-accessibility.spec.js" time="0">
<failure message="mobile-accessibility.spec.js:271:3 Mobile menu accessibility" type="FAILURE">
<![CDATA[  [A11y-Voice-Control] › mobile-accessibility.spec.js:271:3 › Mobile Accessibility Tests @accessibility @a11y › Mobile menu accessibility 

    Error: worker process exited unexpectedly (code=3221225794, signal=null)

    Retry #1 ───────────────────────────────────────────────────────────────────────────────────────

    Error: worker process exited unexpectedly (code=3221225794, signal=null)
]]>
</failure>
</testcase>
<testcase name="Mobile Accessibility Tests @accessibility @a11y › Heading hierarchy accessibility" classname="mobile-accessibility.spec.js" time="0">
<failure message="mobile-accessibility.spec.js:327:3 Heading hierarchy accessibility" type="FAILURE">
<![CDATA[  [A11y-Voice-Control] › mobile-accessibility.spec.js:327:3 › Mobile Accessibility Tests @accessibility @a11y › Heading hierarchy accessibility 

    Error: worker process exited unexpectedly (code=3221225794, signal=null)

    Retry #1 ───────────────────────────────────────────────────────────────────────────────────────

    Error: worker process exited unexpectedly (code=3221225794, signal=null)
]]>
</failure>
</testcase>
<testcase name="Mobile Accessibility Tests @accessibility @a11y › Zoom and scale accessibility" classname="mobile-accessibility.spec.js" time="0">
<failure message="mobile-accessibility.spec.js:364:3 Zoom and scale accessibility" type="FAILURE">
<![CDATA[  [A11y-Voice-Control] › mobile-accessibility.spec.js:364:3 › Mobile Accessibility Tests @accessibility @a11y › Zoom and scale accessibility 

    Error: worker process exited unexpectedly (code=3221225794, signal=null)

    Retry #1 ───────────────────────────────────────────────────────────────────────────────────────

    Error: worker process exited unexpectedly (code=3221225794, signal=null)
]]>
</failure>
</testcase>
</testsuite>
</testsuites>